The system is: Windows - 10.0.19042 - AMD64
Compiling the C compiler identification source file "CMakeCCompilerId.c" succeeded.
Compiler: C:/Program Files (x86)/Microsoft Visual Studio/2017/Enterprise/VC/Tools/MSVC/14.11.25503/bin/Hostx86/x86/cl.exe 
Build flags: 
Id flags:  

The output was:
0
Microsoft (R) C/C++ Optimizing Compiler versione 19.11.25547 per x86
Copyright (C) Microsoft Corporation. Tutti i diritti  sono riservati.

CMakeCCompilerId.c
Microsoft (R) Incremental Linker Version 14.11.25547.0
Copyright (C) Microsoft Corporation.  All rights reserved.

/out:CMakeCCompilerId.exe 
CMakeCCompilerId.obj 


Compilation of the C compiler identification source "CMakeCCompilerId.c" produced "CMakeCCompilerId.exe"

Compilation of the C compiler identification source "CMakeCCompilerId.c" produced "CMakeCCompilerId.obj"

The C compiler identification is MSVC, found in "D:/INFORMATICA 2020-21/Algoritmi e Strutture Dati/Programmazione/Laboratori/Lab8/Es01/cmake-build-debug/CMakeFiles/3.20.2/CompilerIdC/CMakeCCompilerId.exe"

Detecting C compiler ABI info compiled with the following output:
Change Dir: D:/INFORMATICA 2020-21/Algoritmi e Strutture Dati/Programmazione/Laboratori/Lab8/Es01/cmake-build-debug/CMakeFiles/CMakeTmp

Run Build Command(s):nmake -f Makefile /nologo cmTC_cea1b\fast && 	"C:\Program Files (x86)\Microsoft Visual Studio\2017\Enterprise\VC\Tools\MSVC\14.11.25503\bin\HostX86\x86\nmake.exe"  -f CMakeFiles\cmTC_cea1b.dir\build.make /nologo -L                  CMakeFiles\cmTC_cea1b.dir\build
Building C object CMakeFiles/cmTC_cea1b.dir/CMakeCCompilerABI.c.obj
	"C:\Program Files\JetBrains\CLion 2021.2.3\bin\cmake\win\bin\cmake.exe" -E cmake_cl_compile_depends --dep-file=CMakeFiles\cmTC_cea1b.dir\CMakeCCompilerABI.c.obj.d --working-dir="D:\INFORMATICA 2020-21\Algoritmi e Strutture Dati\Programmazione\Laboratori\Lab8\Es01\cmake-build-debug\CMakeFiles\CMakeTmp" --filter-prefix="" -- C:\PROGRA~2\MIB055~1\2017\Enterprise\VC\Tools\MSVC\14.11.25503\bin\Hostx86\x86\cl.exe @C:\Users\Utente\AppData\Local\Temp\nm9C5.tmp
Linking C executable cmTC_cea1b.exe
	"C:\Program Files\JetBrains\CLion 2021.2.3\bin\cmake\win\bin\cmake.exe" -E vs_link_exe --intdir=CMakeFiles\cmTC_cea1b.dir --rc=C:\PROGRA~2\WI3CF2~1\10\bin\10.0.16299.0\x86\rc.exe --mt=C:\PROGRA~2\WI3CF2~1\10\bin\10.0.16299.0\x86\mt.exe --manifests -- C:\PROGRA~2\MIB055~1\2017\Enterprise\VC\Tools\MSVC\14.11.25503\bin\Hostx86\x86\link.exe /nologo @CMakeFiles\cmTC_cea1b.dir\objects1.rsp @C:\Users\Utente\AppData\Local\Temp\nmD41.tmp



